# JRE version: OpenJDK Runtime Environment Zulu24.32+13-CA (24.0.2+12) (build 24.0.2+12)
# Java VM: OpenJDK 64-Bit Server VM Zulu24.32+13-CA (24.0.2+12, mixed mode, sharing, tiered, compressed oops, compressed class ptrs, g1 gc, windows-amd64)
GC Precious Log:
 CardTable entry size: 512
 Card Set container configuration: InlinePtr #cards 5 size 8 Array Of Cards #cards 10 size 36 Howl #buckets 4 coarsen threshold 1843 Howl Bitmap #cards 512 size 80 coarsen threshold 460 Card regions per heap region 1 cards per card region 2048
 CPUs: 4 total, 4 available
 Memory: 4016M
 Large Page Support: Disabled
 NUMA Support: Disabled
 Compressed Oops: Enabled (32-bit)
 Heap Region Size: 1M
 Heap Min Capacity: 8M
 Heap Initial Capacity: 64M
 Heap Max Capacity: 1006M
 Pre-touch: Disabled
 Parallel Workers: 4
 Concurrent Workers: 1
 Concurrent Refinement Workers: 4
 Periodic GC: Disabled
Heap:
 garbage-first heap   total reserved 1030144K, committed 48128K, used 28156K [0x00000000c1200000, 0x0000000100000000)
  region size 1024K, 5 young (5120K), 1 survivors (1024K)
 Metaspace       used 27858K, committed 28160K, reserved 1114112K
  class space    used 2758K, committed 2880K, reserved 1048576K
GC Heap History (18 events):
Event: 8.012 GC heap before
{Heap before GC invocations=0 (full 0):
 garbage-first heap   total reserved 1030144K, committed 67584K, used 29808K [0x00000000c1200000, 0x0000000100000000)
  region size 1024K, 28 young (28672K), 0 survivors (0K)
 Metaspace       used 6238K, committed 6464K, reserved 1114112K
  class space    used 548K, committed 640K, reserved 1048576K
}
Event: 8.050 GC heap after
{Heap after GC invocations=1 (full 0):
 garbage-first heap   total reserved 1030144K, committed 67584K, used 4464K [0x00000000c1200000, 0x0000000100000000)
  region size 1024K, 4 young (4096K), 4 survivors (4096K)
 Metaspace       used 6238K, committed 6464K, reserved 1114112K
  class space    used 548K, committed 640K, reserved 1048576K
}
Event: 10.753 GC heap before
{Heap before GC invocations=1 (full 0):
 garbage-first heap   total reserved 1030144K, committed 67584K, used 32112K [0x00000000c1200000, 0x0000000100000000)
  region size 1024K, 31 young (31744K), 4 survivors (4096K)
 Metaspace       used 11058K, committed 11328K, reserved 1114112K
  class space    used 1032K, committed 1152K, reserved 1048576K
}
Event: 10.775 GC heap after
{Heap after GC invocations=2 (full 0):
 garbage-first heap   total reserved 1030144K, committed 67584K, used 6804K [0x00000000c1200000, 0x0000000100000000)
  region size 1024K, 3 young (3072K), 3 survivors (3072K)
 Metaspace       used 11058K, committed 11328K, reserved 1114112K
  class space    used 1032K, committed 1152K, reserved 1048576K
}
Event: 14.677 GC heap before
{Heap before GC invocations=2 (full 0):
 garbage-first heap   total reserved 1030144K, committed 67584K, used 38548K [0x00000000c1200000, 0x0000000100000000)
  region size 1024K, 34 young (34816K), 3 survivors (3072K)
 Metaspace       used 15471K, committed 15744K, reserved 1114112K
  class space    used 1536K, committed 1664K, reserved 1048576K
}
Event: 14.704 GC heap after
{Heap after GC invocations=3 (full 0):
 garbage-first heap   total reserved 1030144K, committed 67584K, used 9951K [0x00000000c1200000, 0x0000000100000000)
  region size 1024K, 5 young (5120K), 5 survivors (5120K)
 Metaspace       used 15471K, committed 15744K, reserved 1114112K
  class space    used 1536K, committed 1664K, reserved 1048576K
}
Event: 20.745 GC heap before
{Heap before GC invocations=3 (full 0):
 garbage-first heap   total reserved 1030144K, committed 67584K, used 42719K [0x00000000c1200000, 0x0000000100000000)
  region size 1024K, 37 young (37888K), 5 survivors (5120K)
 Metaspace       used 20743K, committed 21120K, reserved 1114112K
  class space    used 2067K, committed 2240K, reserved 1048576K
}
Event: 20.783 GC heap after
{Heap after GC invocations=4 (full 0):
 garbage-first heap   total reserved 1030144K, committed 67584K, used 12868K [0x00000000c1200000, 0x0000000100000000)
  region size 1024K, 3 young (3072K), 3 survivors (3072K)
 Metaspace       used 20743K, committed 21120K, reserved 1114112K
  class space    used 2067K, committed 2240K, reserved 1048576K
}
Event: 20.888 GC heap before
{Heap before GC invocations=4 (full 0):
 garbage-first heap   total reserved 1030144K, committed 67584K, used 12868K [0x00000000c1200000, 0x0000000100000000)
  region size 1024K, 4 young (4096K), 3 survivors (3072K)
 Metaspace       used 21252K, committed 21504K, reserved 1114112K
  class space    used 2116K, committed 2240K, reserved 1048576K
}
Event: 20.898 GC heap after
{Heap after GC invocations=5 (full 0):
 garbage-first heap   total reserved 1030144K, committed 67584K, used 12578K [0x00000000c1200000, 0x0000000100000000)
  region size 1024K, 3 young (3072K), 3 survivors (3072K)
 Metaspace       used 21252K, committed 21504K, reserved 1114112K
  class space    used 2116K, committed 2240K, reserved 1048576K
}
Event: 24.842 GC heap before
{Heap before GC invocations=6 (full 0):
 garbage-first heap   total reserved 1030144K, committed 48128K, used 38178K [0x00000000c1200000, 0x0000000100000000)
  region size 1024K, 28 young (28672K), 3 survivors (3072K)
 Metaspace       used 25497K, committed 25856K, reserved 1114112K
  class space    used 2542K, committed 2688K, reserved 1048576K
}
Event: 24.874 GC heap after
{Heap after GC invocations=7 (full 0):
 garbage-first heap   total reserved 1030144K, committed 48128K, used 17973K [0x00000000c1200000, 0x0000000100000000)
  region size 1024K, 4 young (4096K), 4 survivors (4096K)
 Metaspace       used 25497K, committed 25856K, reserved 1114112K
  class space    used 2542K, committed 2688K, reserved 1048576K
}
Event: 26.109 GC heap before
{Heap before GC invocations=7 (full 0):
 garbage-first heap   total reserved 1030144K, committed 48128K, used 37429K [0x00000000c1200000, 0x0000000100000000)
  region size 1024K, 23 young (23552K), 4 survivors (4096K)
 Metaspace       used 25756K, committed 26112K, reserved 1114112K
  class space    used 2549K, committed 2688K, reserved 1048576K
}
Event: 26.139 GC heap after
{Heap after GC invocations=8 (full 0):
 garbage-first heap   total reserved 1030144K, committed 48128K, used 21602K [0x00000000c1200000, 0x0000000100000000)
  region size 1024K, 3 young (3072K), 3 survivors (3072K)
 Metaspace       used 25756K, committed 26112K, reserved 1114112K
  class space    used 2549K, committed 2688K, reserved 1048576K
}
Event: 29.025 GC heap before
{Heap before GC invocations=8 (full 0):
 garbage-first heap   total reserved 1030144K, committed 48128K, used 39010K [0x00000000c1200000, 0x0000000100000000)
  region size 1024K, 20 young (20480K), 3 survivors (3072K)
 Metaspace       used 27333K, committed 27712K, reserved 1114112K
  class space    used 2715K, committed 2880K, reserved 1048576K
}
Event: 29.049 GC heap after
{Heap after GC invocations=9 (full 0):
 garbage-first heap   total reserved 1030144K, committed 48128K, used 24195K [0x00000000c1200000, 0x0000000100000000)
  region size 1024K, 3 young (3072K), 3 survivors (3072K)
 Metaspace       used 27333K, committed 27712K, reserved 1114112K
  class space    used 2715K, committed 2880K, reserved 1048576K
}
Event: 30.644 GC heap before
{Heap before GC invocations=9 (full 0):
 garbage-first heap   total reserved 1030144K, committed 48128K, used 39555K [0x00000000c1200000, 0x0000000100000000)
  region size 1024K, 18 young (18432K), 3 survivors (3072K)
 Metaspace       used 27780K, committed 28096K, reserved 1114112K
  class space    used 2758K, committed 2880K, reserved 1048576K
}
Event: 30.661 GC heap after
{Heap after GC invocations=10 (full 0):
 garbage-first heap   total reserved 1030144K, committed 48128K, used 25084K [0x00000000c1200000, 0x0000000100000000)
  region size 1024K, 1 young (1024K), 1 survivors (1024K)
 Metaspace       used 27780K, committed 28096K, reserved 1114112K
  class space    used 2758K, committed 2880K, reserved 1048576K
}

